0 info it worked if it ends with ok
1 verbose cli [ 'node',
1 verbose cli   '/usr/local/opt/nvm/v0.10.24/bin/npm',
1 verbose cli   'install',
1 verbose cli   'jade' ]
2 info using npm@2.8.4
3 info using node@v0.10.24
4 verbose node symlink /usr/local/opt/nvm/v0.10.24/bin/node
5 verbose install initial load of /Users/andrew/Practice/ASE-Official/package.json
6 verbose readDependencies loading dependencies from /Users/andrew/Practice/ASE-Official/package.json
7 silly cache add args [ 'jade', null ]
8 verbose cache add spec jade
9 silly cache add parsed spec { raw: 'jade',
9 silly cache add   scope: null,
9 silly cache add   name: 'jade',
9 silly cache add   rawSpec: '',
9 silly cache add   spec: '*',
9 silly cache add   type: 'range' }
10 silly addNamed jade@*
11 verbose addNamed "*" is a valid semver range for jade
12 silly addNameRange { name: 'jade', range: '*', hasData: false }
13 silly mapToRegistry name jade
14 silly mapToRegistry using default registry
15 silly mapToRegistry registry https://registry.npmjs.org/
16 silly mapToRegistry uri https://registry.npmjs.org/jade
17 verbose addNameRange registry:https://registry.npmjs.org/jade not in flight; fetching
18 verbose request uri https://registry.npmjs.org/jade
19 verbose request no auth needed
20 info attempt registry request try #1 at 22:39:23
21 verbose request id add566f91f62773b
22 verbose etag "XFJMKNKIG7QAUDGCL8RRSM58"
23 http request GET https://registry.npmjs.org/jade
24 http 304 https://registry.npmjs.org/jade
25 silly get cb [ 304,
25 silly get   { date: 'Mon, 03 Aug 2015 14:39:23 GMT',
25 silly get     via: '1.1 varnish',
25 silly get     'cache-control': 'max-age=60',
25 silly get     etag: '"XFJMKNKIG7QAUDGCL8RRSM58"',
25 silly get     age: '0',
25 silly get     connection: 'keep-alive',
25 silly get     'x-served-by': 'cache-nrt6135-NRT',
25 silly get     'x-cache': 'HIT',
25 silly get     'x-cache-hits': '1',
25 silly get     'x-timer': 'S1438612763.468499,VS0,VE498',
25 silly get     vary: 'Accept' } ]
26 verbose etag https://registry.npmjs.org/jade from cache
27 verbose get saving jade to /Users/andrew/.npm/registry.npmjs.org/jade/.cache.json
28 silly addNameRange number 2 { name: 'jade', range: '*', hasData: true }
29 silly addNameRange versions [ 'jade',
29 silly addNameRange   [ '0.0.1',
29 silly addNameRange     '0.0.2',
29 silly addNameRange     '0.1.0',
29 silly addNameRange     '0.2.0',
29 silly addNameRange     '0.2.1',
29 silly addNameRange     '0.2.2',
29 silly addNameRange     '0.2.3',
29 silly addNameRange     '0.2.4',
29 silly addNameRange     '0.3.0',
29 silly addNameRange     '0.4.0',
29 silly addNameRange     '0.4.1',
29 silly addNameRange     '0.5.0',
29 silly addNameRange     '0.5.1',
29 silly addNameRange     '0.5.2',
29 silly addNameRange     '0.5.3',
29 silly addNameRange     '0.5.4',
29 silly addNameRange     '0.5.5',
29 silly addNameRange     '0.5.6',
29 silly addNameRange     '0.5.7',
29 silly addNameRange     '0.6.0',
29 silly addNameRange     '0.6.1',
29 silly addNameRange     '0.6.3',
29 silly addNameRange     '0.7.0',
29 silly addNameRange     '0.7.1',
29 silly addNameRange     '0.8.0',
29 silly addNameRange     '0.8.1',
29 silly addNameRange     '0.8.2',
29 silly addNameRange     '0.8.3',
29 silly addNameRange     '0.8.4',
29 silly addNameRange     '0.8.5',
29 silly addNameRange     '0.8.6',
29 silly addNameRange     '0.8.7',
29 silly addNameRange     '0.8.8',
29 silly addNameRange     '0.8.9',
29 silly addNameRange     '0.9.0',
29 silly addNameRange     '0.9.1',
29 silly addNameRange     '0.9.2',
29 silly addNameRange     '0.9.3',
29 silly addNameRange     '0.10.0',
29 silly addNameRange     '0.10.1',
29 silly addNameRange     '0.10.2',
29 silly addNameRange     '0.10.3',
29 silly addNameRange     '0.10.4',
29 silly addNameRange     '0.10.5',
29 silly addNameRange     '0.10.6',
29 silly addNameRange     '0.10.7',
29 silly addNameRange     '0.11.0',
29 silly addNameRange     '0.11.1',
29 silly addNameRange     '0.12.0',
29 silly addNameRange     '0.12.1',
29 silly addNameRange     '0.12.2',
29 silly addNameRange     '0.12.3',
29 silly addNameRange     '0.12.4',
29 silly addNameRange     '0.13.0',
29 silly addNameRange     '0.14.0',
29 silly addNameRange     '0.14.1',
29 silly addNameRange     '0.14.2',
29 silly addNameRange     '0.15.0',
29 silly addNameRange     '0.15.1',
29 silly addNameRange     '0.15.2',
29 silly addNameRange     '0.15.3',
29 silly addNameRange     '0.15.4',
29 silly addNameRange     '0.16.0',
29 silly addNameRange     '0.16.1',
29 silly addNameRange     '0.16.2',
29 silly addNameRange     '0.16.3',
29 silly addNameRange     '0.16.4',
29 silly addNameRange     '0.17.0',
29 silly addNameRange     '0.18.0',
29 silly addNameRange     '0.19.0',
29 silly addNameRange     '0.20.0',
29 silly addNameRange     '0.20.1',
29 silly addNameRange     '0.20.2',
29 silly addNameRange     '0.20.3',
29 silly addNameRange     '0.21.0',
29 silly addNameRange     '0.22.0',
29 silly addNameRange     '0.22.1',
29 silly addNameRange     '0.23.0',
29 silly addNameRange     '0.24.0',
29 silly addNameRange     '0.25.0',
29 silly addNameRange     '0.26.0',
29 silly addNameRange     '0.26.1',
29 silly addNameRange     '0.26.2',
29 silly addNameRange     '0.26.3',
29 silly addNameRange     '0.27.0',
29 silly addNameRange     '0.27.1',
29 silly addNameRange     '0.27.2',
29 silly addNameRange     '0.27.3',
29 silly addNameRange     '0.27.4',
29 silly addNameRange     '0.27.5',
29 silly addNameRange     '0.27.6',
29 silly addNameRange     '0.27.7',
29 silly addNameRange     '0.28.0',
29 silly addNameRange     '0.28.1',
29 silly addNameRange     '0.28.2',
29 silly addNameRange     '0.29.0',
29 silly addNameRange     '0.30.0',
29 silly addNameRange     '0.31.0',
29 silly addNameRange     '0.31.1',
29 silly addNameRange     '0.31.2',
29 silly addNameRange     '0.32.0',
29 silly addNameRange     '0.33.0',
29 silly addNameRange     '0.34.0',
29 silly addNameRange     '0.34.1',
29 silly addNameRange     '0.35.0',
29 silly addNameRange     '1.0.0',
29 silly addNameRange     '1.0.1',
29 silly addNameRange     '1.0.2',
29 silly addNameRange     '1.1.0',
29 silly addNameRange     '1.1.1',
29 silly addNameRange     '1.1.2',
29 silly addNameRange     '1.1.3',
29 silly addNameRange     '1.1.4',
29 silly addNameRange     '1.1.5',
29 silly addNameRange     '1.2.0',
29 silly addNameRange     '1.3.0',
29 silly addNameRange     '1.3.1',
29 silly addNameRange     '1.4.0',
29 silly addNameRange     '1.4.1',
29 silly addNameRange     '1.4.2',
29 silly addNameRange     '1.5.0',
29 silly addNameRange     '1.6.0',
29 silly addNameRange     '1.7.0',
29 silly addNameRange     '1.8.0',
29 silly addNameRange     '1.8.1',
29 silly addNameRange     '1.8.2',
29 silly addNameRange     '1.9.0',
29 silly addNameRange     '1.9.1',
29 silly addNameRange     '1.9.2',
29 silly addNameRange     '1.10.0',
29 silly addNameRange     '1.11.0' ] ]
30 silly addNamed jade@1.11.0
31 verbose addNamed "1.11.0" is a plain semver version for jade
32 silly cache afterAdd jade@1.11.0
33 verbose afterAdd /Users/andrew/.npm/jade/1.11.0/package/package.json not in flight; writing
34 verbose afterAdd /Users/andrew/.npm/jade/1.11.0/package/package.json written
35 silly install resolved [ { name: 'jade',
35 silly install resolved     description: 'A clean, whitespace-sensitive template language for writing HTML',
35 silly install resolved     version: '1.11.0',
35 silly install resolved     author: { name: 'TJ Holowaychuk', email: 'tj@vision-media.ca' },
35 silly install resolved     maintainers: [ [Object], [Object], [Object], [Object] ],
35 silly install resolved     license: 'MIT',
35 silly install resolved     repository: { type: 'git', url: 'git://github.com/jadejs/jade.git' },
35 silly install resolved     main: 'lib',
35 silly install resolved     bin: { jade: './bin/jade.js' },
35 silly install resolved     dependencies:
35 silly install resolved      { 'character-parser': '1.2.1',
35 silly install resolved        'clean-css': '^3.1.9',
35 silly install resolved        commander: '~2.6.0',
35 silly install resolved        constantinople: '~3.0.1',
35 silly install resolved        jstransformer: '0.0.2',
35 silly install resolved        mkdirp: '~0.5.0',
35 silly install resolved        transformers: '2.1.0',
35 silly install resolved        'uglify-js': '^2.4.19',
35 silly install resolved        'void-elements': '~2.0.1',
35 silly install resolved        with: '~4.0.0' },
35 silly install resolved     devDependencies:
35 silly install resolved      { browserify: '*',
35 silly install resolved        'browserify-middleware': '~4.1.0',
35 silly install resolved        'code-mirror': '~3.22.0',
35 silly install resolved        'coffee-script': '*',
35 silly install resolved        coveralls: '^2.11.2',
35 silly install resolved        express: '~4.10.4',
35 silly install resolved        'github-basic': '^4.1.2',
35 silly install resolved        handle: '~1.0.0',
35 silly install resolved        'highlight-codemirror': '~4.1.0',
35 silly install resolved        inconsolata: '0.0.2',
35 silly install resolved        istanbul: '*',
35 silly install resolved        'jade-code-mirror': '~1.0.5',
35 silly install resolved        'jade-highlighter': '~1.0.5',
35 silly install resolved        'jstransformer-cdata': '0.0.3',
35 silly install resolved        'jstransformer-coffee-script': '0.0.2',
35 silly install resolved        'jstransformer-less': '^1.0.0',
35 silly install resolved        'jstransformer-marked': '0.0.1',
35 silly install resolved        'jstransformer-stylus': '0.0.1',
35 silly install resolved        'jstransformer-verbatim': '0.0.2',
35 silly install resolved        less: '<2.0.0',
35 silly install resolved        'less-file': '0.0.9',
35 silly install resolved        linify: '*',
35 silly install resolved        lsr: '^1.0.0',
35 silly install resolved        marked: '~0.3.3',
35 silly install resolved        mocha: '*',
35 silly install resolved        opener: '^1.3.0',
35 silly install resolved        'pull-request': '^3.0.0',
35 silly install resolved        rimraf: '^2.2.8',
35 silly install resolved        should: '*',
35 silly install resolved        stop: '^3.0.0-rc1',
35 silly install resolved        stylus: '*',
35 silly install resolved        twbs: '0.0.6',
35 silly install resolved        'uglify-js': '*' },
35 silly install resolved     component: { scripts: [Object] },
35 silly install resolved     scripts:
35 silly install resolved      { test: 'mocha -R spec',
35 silly install resolved        precoverage: 'rimraf coverage && rimraf cov-pt*',
35 silly install resolved        coverage: 'istanbul cover --report none --dir cov-pt0 node_modules/mocha/bin/_mocha -- -R dot',
35 silly install resolved        postcoverage: 'istanbul report --include cov-pt\\*/coverage.json && rimraf cov-pt*',
35 silly install resolved        coveralls: 'npm run coverage && cat ./coverage/lcov.info | coveralls',
35 silly install resolved        prepublish: 'npm prune && linify transform bin && npm run build',
35 silly install resolved        build: 'npm run compile',
35 silly install resolved        compile: 'npm run compile-full && npm run compile-runtime',
35 silly install resolved        'compile-full': 'browserify ./lib/index.js --standalone jade -x ./node_modules/transformers > jade.js',
35 silly install resolved        'compile-runtime': 'browserify ./lib/runtime.js --standalone jade > runtime.js' },
35 silly install resolved     browser: { fs: false, './lib/filters.js': './lib/filters-client.js' },
35 silly install resolved     homepage: 'http://jade-lang.com',
35 silly install resolved     gitHead: '31966399f86b15159f2ff47dff99fbf4c92fadd5',
35 silly install resolved     bugs: { url: 'https://github.com/jadejs/jade/issues' },
35 silly install resolved     _id: 'jade@1.11.0',
35 silly install resolved     _shasum: '9c80e538c12d3fb95c8d9bb9559fa0cc040405fd',
35 silly install resolved     _from: 'jade@*',
35 silly install resolved     _npmVersion: '2.11.0',
35 silly install resolved     _nodeVersion: '2.2.1',
35 silly install resolved     _npmUser: { name: 'alubbe', email: 'npm@lubbe.org' },
35 silly install resolved     dist:
35 silly install resolved      { shasum: '9c80e538c12d3fb95c8d9bb9559fa0cc040405fd',
35 silly install resolved        tarball: 'http://registry.npmjs.org/jade/-/jade-1.11.0.tgz' },
35 silly install resolved     directories: {},
35 silly install resolved     _resolved: 'https://registry.npmjs.org/jade/-/jade-1.11.0.tgz',
35 silly install resolved     readme: 'ERROR: No README data found!' } ]
36 info install jade@1.11.0 into /Users/andrew/Practice/ASE-Official
37 info installOne jade@1.11.0
38 verbose installOne of jade to /Users/andrew/Practice/ASE-Official not in flight; installing
39 warn locking Error: EACCES, open '/Users/andrew/.npm/_locks/jade-42b8b8d15cb035c4.lock'
39 warn locking  /Users/andrew/.npm/_locks/jade-42b8b8d15cb035c4.lock failed { [Error: EACCES, open '/Users/andrew/.npm/_locks/jade-42b8b8d15cb035c4.lock']
39 warn locking   errno: 3,
39 warn locking   code: 'EACCES',
39 warn locking   path: '/Users/andrew/.npm/_locks/jade-42b8b8d15cb035c4.lock' }
40 verbose stack Error: Attempt to unlock /Users/andrew/Practice/ASE-Official/node_modules/jade, which hasn't been locked
40 verbose stack     at unlock (/usr/local/Cellar/nvm/0.24.1/v0.10.24/lib/node_modules/npm/lib/utils/locker.js:66:11)
40 verbose stack     at cb (/usr/local/Cellar/nvm/0.24.1/v0.10.24/lib/node_modules/npm/lib/install.js:1013:5)
40 verbose stack     at /usr/local/Cellar/nvm/0.24.1/v0.10.24/lib/node_modules/npm/lib/install.js:1017:20
40 verbose stack     at /usr/local/Cellar/nvm/0.24.1/v0.10.24/lib/node_modules/npm/lib/utils/locker.js:40:9
40 verbose stack     at cb (/usr/local/Cellar/nvm/0.24.1/v0.10.24/lib/node_modules/npm/node_modules/lockfile/lockfile.js:149:38)
40 verbose stack     at /usr/local/Cellar/nvm/0.24.1/v0.10.24/lib/node_modules/npm/node_modules/lockfile/lockfile.js:177:38
40 verbose stack     at Object.oncomplete (fs.js:107:15)
41 verbose cwd /Users/andrew/Practice/ASE-Official
42 error Darwin 14.4.0
43 error argv "node" "/usr/local/opt/nvm/v0.10.24/bin/npm" "install" "jade"
44 error node v0.10.24
45 error npm  v2.8.4
46 error Attempt to unlock /Users/andrew/Practice/ASE-Official/node_modules/jade, which hasn't been locked
47 error If you need help, you may report this error at:
47 error     <https://github.com/npm/npm/issues>
48 verbose exit [ 1, true ]
